-- Attaching core tidyverse packages ------------------------ tidyverse 2.0.0 --
v dplyr     1.1.0     v readr     2.1.4
v forcats   1.0.0     v stringr   1.5.0
v ggplot2   3.4.2     v tibble    3.2.1
v lubridate 1.9.2     v tidyr     1.3.0
v purrr     1.0.1     
-- Conflicts ------------------------------------------ tidyverse_conflicts() --
x dplyr::filter() masks stats::filter()
x dplyr::lag()    masks stats::lag()
i Use the conflicted package (<http://conflicted.r-lib.org/>) to force all conflicts to become errors
here() starts at /scratch/saz310/wealth-tax-news
Package version: 3.3.0
Unicode version: 14.0
ICU version: 70.1
Parallel computing: 2 of 2 threads used.
See https://quanteda.io for tutorials and examples.
Loading required package: lattice

Attaching package: 'caret'

The following object is masked from 'package:purrr':

    lift

Rows: 128068 Columns: 2
-- Column specification --------------------------------------------------------
Delimiter: "|"
chr (1): speech
dbl (1): speech_id

i Use `spec()` to retrieve the full column specification for this data.
i Specify the column types or set `show_col_types = FALSE` to quiet this message.
Rows: 128148 Columns: 14
-- Column specification --------------------------------------------------------
Delimiter: "|"
chr (10): chamber, number_within_file, speaker, first_name, last_name, state...
dbl  (4): speech_id, date, char_count, word_count

i Use `spec()` to retrieve the full column specification for this data.
i Specify the column types or set `show_col_types = FALSE` to quiet this message.
Rows: 77621 Columns: 10
-- Column specification --------------------------------------------------------
Delimiter: "|"
chr (7): lastname, firstname, chamber, state, gender, party, nonvoting
dbl (3): speakerid, speech_id, district

i Use `spec()` to retrieve the full column specification for this data.
i Specify the column types or set `show_col_types = FALSE` to quiet this message.
`summarise()` has grouped output by 'speakerid', 'date'. You can override using
the `.groups` argument.
`summarise()` has grouped output by 'speakerid', 'yearmo'. You can override
using the `.groups` argument.
`summarise()` has grouped output by 'speakerid', 'year'. You can override using
the `.groups` argument.
Rows: 110565 Columns: 2
-- Column specification --------------------------------------------------------
Delimiter: "|"
chr (1): speech
dbl (1): speech_id

i Use `spec()` to retrieve the full column specification for this data.
i Specify the column types or set `show_col_types = FALSE` to quiet this message.
Rows: 112290 Columns: 14
-- Column specification --------------------------------------------------------
Delimiter: "|"
chr (10): chamber, number_within_file, speaker, first_name, last_name, state...
dbl  (4): speech_id, date, char_count, word_count

i Use `spec()` to retrieve the full column specification for this data.
i Specify the column types or set `show_col_types = FALSE` to quiet this message.
Rows: 67971 Columns: 10
-- Column specification --------------------------------------------------------
Delimiter: "|"
chr (7): lastname, firstname, chamber, state, gender, party, nonvoting
dbl (3): speakerid, speech_id, district

i Use `spec()` to retrieve the full column specification for this data.
i Specify the column types or set `show_col_types = FALSE` to quiet this message.
`summarise()` has grouped output by 'speakerid', 'date'. You can override using
the `.groups` argument.
`summarise()` has grouped output by 'speakerid', 'yearmo'. You can override
using the `.groups` argument.
`summarise()` has grouped output by 'speakerid', 'year'. You can override using
the `.groups` argument.
Warning messages:
1: One or more parsing issues, call `problems()` on your data frame for details,
e.g.:
  dat <- vroom(...)
  problems(dat) 
2: One or more parsing issues, call `problems()` on your data frame for details,
e.g.:
  dat <- vroom(...)
  problems(dat) 
[1] "training..."
